o:\github\rv_orientation\debug\vc141.pdb
o:\github\rv_orientation\debug\rv_orientation.obj
o:\github\rv_orientation\debug\rvo_vcore.obj
o:\github\rv_orientation\debug\rvo_mfdupdate.obj
o:\github\rv_orientation\debug\rvo_mcore.obj
o:\github\rv_orientation\debug\rvo_lcore.obj
o:\github\rv_orientation\debug\rvo_hudhandling.obj
o:\github\rv_orientation\debug\rvo_buttonhandling.obj
o:\github\rv_orientation\debug\rvo_dialogfunc.obj
o:\github\rv_orientation\debug\rvo_gcore.obj
o:\github\rv_orientation\debug\rvo_buttons.obj
o:\github\rv_orientation\debug\parsefunctions.obj
o:\github\rv_orientation\debug\mfdpersist.obj
o:\orbiter2016\modules\plugin\rv_orientation.dll
o:\orbiter2016\modules\plugin\rv_orientation.ilk
o:\github\rv_orientation\debug\rv_orientation.pdb
o:\orbiter2016\modules\plugin\rv_orientation.lib
o:\orbiter2016\modules\plugin\rv_orientation.exp
o:\orbiter2016\modules\plugin\rv_orientation.pdb
o:\github\rv_orientation\debug\rv_orientation.tlog\cl.command.1.tlog
o:\github\rv_orientation\debug\rv_orientation.tlog\cl.read.1.tlog
o:\github\rv_orientation\debug\rv_orientation.tlog\cl.write.1.tlog
o:\github\rv_orientation\debug\rv_orientation.tlog\link.command.1.tlog
o:\github\rv_orientation\debug\rv_orientation.tlog\link.read.1.tlog
o:\github\rv_orientation\debug\rv_orientation.tlog\link.write.1.tlog
o:\github\rv_orientation\debug\rv_orientation.tlog\rv_orientation.write.1u.tlog
